# JRE version: Java(TM) SE Runtime Environment (8.0_45-b15) (build 1.8.0_45-b15)
# Java VM: Java HotSpot(TM) 64-Bit Server VM (25.45-b02 mixed mode windows-amd64 compressed oops)
Heap:
 PSYoungGen      total 78848K, used 34002K [0x00000000e1180000, 0x00000000e6f00000, 0x0000000100000000)
  eden space 62464K, 54% used [0x00000000e1180000,0x00000000e32b4bd8,0x00000000e4e80000)
  from space 16384K, 0% used [0x00000000e5e80000,0x00000000e5e80000,0x00000000e6e80000)
  to   space 16384K, 0% used [0x00000000e4e80000,0x00000000e4e80000,0x00000000e5e80000)
 ParOldGen       total 90112K, used 16668K [0x00000000a3400000, 0x00000000a8c00000, 0x00000000e1180000)
  object space 90112K, 18% used [0x00000000a3400000,0x00000000a44472c8,0x00000000a8c00000)
 Metaspace       used 34516K, capacity 35840K, committed 36096K, reserved 1081344K
  class space    used 4579K, capacity 4817K, committed 4864K, reserved 1048576K
GC Heap History (10 events):
Event: 2.846 GC heap before
{Heap before GC invocations=6 (full 1):
 PSYoungGen      total 35840K, used 35811K [0x00000000e1180000, 0x00000000e4880000, 0x0000000100000000)
  eden space 32256K, 100% used [0x00000000e1180000,0x00000000e3100000,0x00000000e3100000)
  from space 3584K, 99% used [0x00000000e4500000,0x00000000e4878e28,0x00000000e4880000)
  to   space 3584K, 0% used [0x00000000e4180000,0x00000000e4180000,0x00000000e4500000)
 ParOldGen       total 57856K, used 13301K [0x00000000a3400000, 0x00000000a6c80000, 0x00000000e1180000)
  object space 57856K, 22% used [0x00000000a3400000,0x00000000a40fd4a8,0x00000000a6c80000)
 Metaspace       used 24620K, capacity 25264K, committed 25600K, reserved 1071104K
  class space    used 3362K, capacity 3531K, committed 3584K, reserved 1048576K
Event: 2.863 GC heap after
Heap after GC invocations=6 (full 1):
 PSYoungGen      total 51712K, used 3559K [0x00000000e1180000, 0x00000000e5a80000, 0x0000000100000000)
  eden space 48128K, 0% used [0x00000000e1180000,0x00000000e1180000,0x00000000e4080000)
  from space 3584K, 99% used [0x00000000e4180000,0x00000000e44f9ff8,0x00000000e4500000)
  to   space 13312K, 0% used [0x00000000e4d80000,0x00000000e4d80000,0x00000000e5a80000)
 ParOldGen       total 57856K, used 22689K [0x00000000a3400000, 0x00000000a6c80000, 0x00000000e1180000)
  object space 57856K, 39% used [0x00000000a3400000,0x00000000a4a28680,0x00000000a6c80000)
 Metaspace       used 24620K, capacity 25264K, committed 25600K, reserved 1071104K
  class space    used 3362K, capacity 3531K, committed 3584K, reserved 1048576K
}
Event: 4.825 GC heap before
{Heap before GC invocations=7 (full 1):
 PSYoungGen      total 51712K, used 51687K [0x00000000e1180000, 0x00000000e5a80000, 0x0000000100000000)
  eden space 48128K, 100% used [0x00000000e1180000,0x00000000e4080000,0x00000000e4080000)
  from space 3584K, 99% used [0x00000000e4180000,0x00000000e44f9ff8,0x00000000e4500000)
  to   space 13312K, 0% used [0x00000000e4d80000,0x00000000e4d80000,0x00000000e5a80000)
 ParOldGen       total 57856K, used 22689K [0x00000000a3400000, 0x00000000a6c80000, 0x00000000e1180000)
  object space 57856K, 39% used [0x00000000a3400000,0x00000000a4a28680,0x00000000a6c80000)
 Metaspace       used 29541K, capacity 30214K, committed 30464K, reserved 1075200K
  class space    used 3907K, capacity 4084K, committed 4096K, reserved 1048576K
Event: 4.850 GC heap after
Heap after GC invocations=7 (full 1):
 PSYoungGen      total 57856K, used 13280K [0x00000000e1180000, 0x00000000e7680000, 0x0000000100000000)
  eden space 44544K, 0% used [0x00000000e1180000,0x00000000e1180000,0x00000000e3d00000)
  from space 13312K, 99% used [0x00000000e4d80000,0x00000000e5a78390,0x00000000e5a80000)
  to   space 16896K, 0% used [0x00000000e3d00000,0x00000000e3d00000,0x00000000e4d80000)
 ParOldGen       total 57856K, used 24818K [0x00000000a3400000, 0x00000000a6c80000, 0x00000000e1180000)
  object space 57856K, 42% used [0x00000000a3400000,0x00000000a4c3c9f8,0x00000000a6c80000)
 Metaspace       used 29541K, capacity 30214K, committed 30464K, reserved 1075200K
  class space    used 3907K, capacity 4084K, committed 4096K, reserved 1048576K
}
Event: 7.625 GC heap before
{Heap before GC invocations=8 (full 1):
 PSYoungGen      total 57856K, used 57824K [0x00000000e1180000, 0x00000000e7680000, 0x0000000100000000)
  eden space 44544K, 100% used [0x00000000e1180000,0x00000000e3d00000,0x00000000e3d00000)
  from space 13312K, 99% used [0x00000000e4d80000,0x00000000e5a78390,0x00000000e5a80000)
  to   space 16896K, 0% used [0x00000000e3d00000,0x00000000e3d00000,0x00000000e4d80000)
 ParOldGen       total 57856K, used 24818K [0x00000000a3400000, 0x00000000a6c80000, 0x00000000e1180000)
  object space 57856K, 42% used [0x00000000a3400000,0x00000000a4c3c9f8,0x00000000a6c80000)
 Metaspace       used 33456K, capacity 34654K, committed 34816K, reserved 1079296K
  class space    used 4507K, capacity 4752K, committed 4864K, reserved 1048576K
Event: 7.652 GC heap after
Heap after GC invocations=8 (full 1):
 PSYoungGen      total 61440K, used 7648K [0x00000000e1180000, 0x00000000e6e80000, 0x0000000100000000)
  eden space 44544K, 0% used [0x00000000e1180000,0x00000000e1180000,0x00000000e3d00000)
  from space 16896K, 45% used [0x00000000e3d00000,0x00000000e4478010,0x00000000e4d80000)
  to   space 16384K, 0% used [0x00000000e5e80000,0x00000000e5e80000,0x00000000e6e80000)
 ParOldGen       total 57856K, used 24826K [0x00000000a3400000, 0x00000000a6c80000, 0x00000000e1180000)
  object space 57856K, 42% used [0x00000000a3400000,0x00000000a4c3e9f8,0x00000000a6c80000)
 Metaspace       used 33456K, capacity 34654K, committed 34816K, reserved 1079296K
  class space    used 4507K, capacity 4752K, committed 4864K, reserved 1048576K
}
Event: 8.279 GC heap before
{Heap before GC invocations=9 (full 1):
 PSYoungGen      total 61440K, used 24409K [0x00000000e1180000, 0x00000000e6e80000, 0x0000000100000000)
  eden space 44544K, 37% used [0x00000000e1180000,0x00000000e21de6e8,0x00000000e3d00000)
  from space 16896K, 45% used [0x00000000e3d00000,0x00000000e4478010,0x00000000e4d80000)
  to   space 16384K, 0% used [0x00000000e5e80000,0x00000000e5e80000,0x00000000e6e80000)
 ParOldGen       total 57856K, used 24826K [0x00000000a3400000, 0x00000000a6c80000, 0x00000000e1180000)
  object space 57856K, 42% used [0x00000000a3400000,0x00000000a4c3e9f8,0x00000000a6c80000)
 Metaspace       used 34164K, capacity 35412K, committed 35496K, reserved 1079296K
  class space    used 4567K, capacity 4799K, committed 4864K, reserved 1048576K
Event: 8.301 GC heap after
Heap after GC invocations=9 (full 1):
 PSYoungGen      total 78848K, used 10720K [0x00000000e1180000, 0x00000000e6f00000, 0x0000000100000000)
  eden space 62464K, 0% used [0x00000000e1180000,0x00000000e1180000,0x00000000e4e80000)
  from space 16384K, 65% used [0x00000000e5e80000,0x00000000e68f8010,0x00000000e6e80000)
  to   space 16384K, 0% used [0x00000000e4e80000,0x00000000e4e80000,0x00000000e5e80000)
 ParOldGen       total 57856K, used 24834K [0x00000000a3400000, 0x00000000a6c80000, 0x00000000e1180000)
  object space 57856K, 42% used [0x00000000a3400000,0x00000000a4c409f8,0x00000000a6c80000)
 Metaspace       used 34164K, capacity 35412K, committed 35496K, reserved 1079296K
  class space    used 4567K, capacity 4799K, committed 4864K, reserved 1048576K
}
Event: 8.301 GC heap before
{Heap before GC invocations=10 (full 2):
 PSYoungGen      total 78848K, used 10720K [0x00000000e1180000, 0x00000000e6f00000, 0x0000000100000000)
  eden space 62464K, 0% used [0x00000000e1180000,0x00000000e1180000,0x00000000e4e80000)
  from space 16384K, 65% used [0x00000000e5e80000,0x00000000e68f8010,0x00000000e6e80000)
  to   space 16384K, 0% used [0x00000000e4e80000,0x00000000e4e80000,0x00000000e5e80000)
 ParOldGen       total 57856K, used 24834K [0x00000000a3400000, 0x00000000a6c80000, 0x00000000e1180000)
  object space 57856K, 42% used [0x00000000a3400000,0x00000000a4c409f8,0x00000000a6c80000)
 Metaspace       used 34164K, capacity 35412K, committed 35496K, reserved 1079296K
  class space    used 4567K, capacity 4799K, committed 4864K, reserved 1048576K
Event: 8.439 GC heap after
Heap after GC invocations=10 (full 2):
 PSYoungGen      total 78848K, used 0K [0x00000000e1180000, 0x00000000e6f00000, 0x0000000100000000)
  eden space 62464K, 0% used [0x00000000e1180000,0x00000000e1180000,0x00000000e4e80000)
  from space 16384K, 0% used [0x00000000e5e80000,0x00000000e5e80000,0x00000000e6e80000)
  to   space 16384K, 0% used [0x00000000e4e80000,0x00000000e4e80000,0x00000000e5e80000)
 ParOldGen       total 90112K, used 16668K [0x00000000a3400000, 0x00000000a8c00000, 0x00000000e1180000)
  object space 90112K, 18% used [0x00000000a3400000,0x00000000a44472c8,0x00000000a8c00000)
 Metaspace       used 34164K, capacity 35412K, committed 35496K, reserved 1079296K
  class space    used 4567K, capacity 4799K, committed 4864K, reserved 1048576K
}

