# JRE version: Java(TM) SE Runtime Environment (8.0_45-b15) (build 1.8.0_45-b15)
# Java VM: Java HotSpot(TM) 64-Bit Server VM (25.45-b02 mixed mode windows-amd64 compressed oops)
Heap:
 PSYoungGen      total 78336K, used 46276K [0x00000000e1180000, 0x00000000e6f00000, 0x0000000100000000)
  eden space 61952K, 74% used [0x00000000e1180000,0x00000000e3eb1320,0x00000000e4e00000)
  from space 16384K, 0% used [0x00000000e5e00000,0x00000000e5e00000,0x00000000e6e00000)
  to   space 16384K, 0% used [0x00000000e4e00000,0x00000000e4e00000,0x00000000e5e00000)
 ParOldGen       total 91136K, used 16574K [0x00000000a3400000, 0x00000000a8d00000, 0x00000000e1180000)
  object space 91136K, 18% used [0x00000000a3400000,0x00000000a442f8e0,0x00000000a8d00000)
 Metaspace       used 34590K, capacity 35904K, committed 36096K, reserved 1081344K
  class space    used 4579K, capacity 4817K, committed 4864K, reserved 1048576K
GC Heap History (10 events):
Event: 3.015 GC heap before
{Heap before GC invocations=6 (full 1):
 PSYoungGen      total 35840K, used 35826K [0x00000000e1180000, 0x00000000e4880000, 0x0000000100000000)
  eden space 32256K, 100% used [0x00000000e1180000,0x00000000e3100000,0x00000000e3100000)
  from space 3584K, 99% used [0x00000000e4500000,0x00000000e487c808,0x00000000e4880000)
  to   space 3584K, 0% used [0x00000000e4180000,0x00000000e4180000,0x00000000e4500000)
 ParOldGen       total 59392K, used 13386K [0x00000000a3400000, 0x00000000a6e00000, 0x00000000e1180000)
  object space 59392K, 22% used [0x00000000a3400000,0x00000000a4112850,0x00000000a6e00000)
 Metaspace       used 24656K, capacity 25264K, committed 25600K, reserved 1071104K
  class space    used 3373K, capacity 3531K, committed 3584K, reserved 1048576K
Event: 3.032 GC heap after
Heap after GC invocations=6 (full 1):
 PSYoungGen      total 51712K, used 3583K [0x00000000e1180000, 0x00000000e5b80000, 0x0000000100000000)
  eden space 48128K, 0% used [0x00000000e1180000,0x00000000e1180000,0x00000000e4080000)
  from space 3584K, 99% used [0x00000000e4180000,0x00000000e44ffe30,0x00000000e4500000)
  to   space 13824K, 0% used [0x00000000e4e00000,0x00000000e4e00000,0x00000000e5b80000)
 ParOldGen       total 59392K, used 22844K [0x00000000a3400000, 0x00000000a6e00000, 0x00000000e1180000)
  object space 59392K, 38% used [0x00000000a3400000,0x00000000a4a4f1e8,0x00000000a6e00000)
 Metaspace       used 24656K, capacity 25264K, committed 25600K, reserved 1071104K
  class space    used 3373K, capacity 3531K, committed 3584K, reserved 1048576K
}
Event: 5.326 GC heap before
{Heap before GC invocations=7 (full 1):
 PSYoungGen      total 51712K, used 51711K [0x00000000e1180000, 0x00000000e5b80000, 0x0000000100000000)
  eden space 48128K, 100% used [0x00000000e1180000,0x00000000e4080000,0x00000000e4080000)
  from space 3584K, 99% used [0x00000000e4180000,0x00000000e44ffe30,0x00000000e4500000)
  to   space 13824K, 0% used [0x00000000e4e00000,0x00000000e4e00000,0x00000000e5b80000)
 ParOldGen       total 59392K, used 22844K [0x00000000a3400000, 0x00000000a6e00000, 0x00000000e1180000)
  object space 59392K, 38% used [0x00000000a3400000,0x00000000a4a4f1e8,0x00000000a6e00000)
 Metaspace       used 29548K, capacity 30150K, committed 30464K, reserved 1075200K
  class space    used 3910K, capacity 4084K, committed 4096K, reserved 1048576K
Event: 5.353 GC heap after
Heap after GC invocations=7 (full 1):
 PSYoungGen      total 58368K, used 13798K [0x00000000e1180000, 0x00000000e7700000, 0x0000000100000000)
  eden space 44544K, 0% used [0x00000000e1180000,0x00000000e1180000,0x00000000e3d00000)
  from space 13824K, 99% used [0x00000000e4e00000,0x00000000e5b79b40,0x00000000e5b80000)
  to   space 17408K, 0% used [0x00000000e3d00000,0x00000000e3d00000,0x00000000e4e00000)
 ParOldGen       total 59392K, used 24544K [0x00000000a3400000, 0x00000000a6e00000, 0x00000000e1180000)
  object space 59392K, 41% used [0x00000000a3400000,0x00000000a4bf8078,0x00000000a6e00000)
 Metaspace       used 29548K, capacity 30150K, committed 30464K, reserved 1075200K
  class space    used 3910K, capacity 4084K, committed 4096K, reserved 1048576K
}
Event: 8.164 GC heap before
{Heap before GC invocations=8 (full 1):
 PSYoungGen      total 58368K, used 58342K [0x00000000e1180000, 0x00000000e7700000, 0x0000000100000000)
  eden space 44544K, 100% used [0x00000000e1180000,0x00000000e3d00000,0x00000000e3d00000)
  from space 13824K, 99% used [0x00000000e4e00000,0x00000000e5b79b40,0x00000000e5b80000)
  to   space 17408K, 0% used [0x00000000e3d00000,0x00000000e3d00000,0x00000000e4e00000)
 ParOldGen       total 59392K, used 24544K [0x00000000a3400000, 0x00000000a6e00000, 0x00000000e1180000)
  object space 59392K, 41% used [0x00000000a3400000,0x00000000a4bf8078,0x00000000a6e00000)
 Metaspace       used 33482K, capacity 34654K, committed 34816K, reserved 1079296K
  class space    used 4508K, capacity 4752K, committed 4864K, reserved 1048576K
Event: 8.191 GC heap after
Heap after GC invocations=8 (full 1):
 PSYoungGen      total 61952K, used 7744K [0x00000000e1180000, 0x00000000e6e00000, 0x0000000100000000)
  eden space 44544K, 0% used [0x00000000e1180000,0x00000000e1180000,0x00000000e3d00000)
  from space 17408K, 44% used [0x00000000e3d00000,0x00000000e4490010,0x00000000e4e00000)
  to   space 16384K, 0% used [0x00000000e5e00000,0x00000000e5e00000,0x00000000e6e00000)
 ParOldGen       total 59392K, used 24552K [0x00000000a3400000, 0x00000000a6e00000, 0x00000000e1180000)
  object space 59392K, 41% used [0x00000000a3400000,0x00000000a4bfa078,0x00000000a6e00000)
 Metaspace       used 33482K, capacity 34654K, committed 34816K, reserved 1079296K
  class space    used 4508K, capacity 4752K, committed 4864K, reserved 1048576K
}
Event: 8.774 GC heap before
{Heap before GC invocations=9 (full 1):
 PSYoungGen      total 61952K, used 23823K [0x00000000e1180000, 0x00000000e6e00000, 0x0000000100000000)
  eden space 44544K, 36% used [0x00000000e1180000,0x00000000e2133d30,0x00000000e3d00000)
  from space 17408K, 44% used [0x00000000e3d00000,0x00000000e4490010,0x00000000e4e00000)
  to   space 16384K, 0% used [0x00000000e5e00000,0x00000000e5e00000,0x00000000e6e00000)
 ParOldGen       total 59392K, used 24552K [0x00000000a3400000, 0x00000000a6e00000, 0x00000000e1180000)
  object space 59392K, 41% used [0x00000000a3400000,0x00000000a4bfa078,0x00000000a6e00000)
 Metaspace       used 34195K, capacity 35412K, committed 35496K, reserved 1079296K
  class space    used 4568K, capacity 4799K, committed 4864K, reserved 1048576K
Event: 8.794 GC heap after
Heap after GC invocations=9 (full 1):
 PSYoungGen      total 78336K, used 10688K [0x00000000e1180000, 0x00000000e6f00000, 0x0000000100000000)
  eden space 61952K, 0% used [0x00000000e1180000,0x00000000e1180000,0x00000000e4e00000)
  from space 16384K, 65% used [0x00000000e5e00000,0x00000000e6870010,0x00000000e6e00000)
  to   space 16384K, 0% used [0x00000000e4e00000,0x00000000e4e00000,0x00000000e5e00000)
 ParOldGen       total 59392K, used 24560K [0x00000000a3400000, 0x00000000a6e00000, 0x00000000e1180000)
  object space 59392K, 41% used [0x00000000a3400000,0x00000000a4bfc078,0x00000000a6e00000)
 Metaspace       used 34195K, capacity 35412K, committed 35496K, reserved 1079296K
  class space    used 4568K, capacity 4799K, committed 4864K, reserved 1048576K
}
Event: 8.794 GC heap before
{Heap before GC invocations=10 (full 2):
 PSYoungGen      total 78336K, used 10688K [0x00000000e1180000, 0x00000000e6f00000, 0x0000000100000000)
  eden space 61952K, 0% used [0x00000000e1180000,0x00000000e1180000,0x00000000e4e00000)
  from space 16384K, 65% used [0x00000000e5e00000,0x00000000e6870010,0x00000000e6e00000)
  to   space 16384K, 0% used [0x00000000e4e00000,0x00000000e4e00000,0x00000000e5e00000)
 ParOldGen       total 59392K, used 24560K [0x00000000a3400000, 0x00000000a6e00000, 0x00000000e1180000)
  object space 59392K, 41% used [0x00000000a3400000,0x00000000a4bfc078,0x00000000a6e00000)
 Metaspace       used 34195K, capacity 35412K, committed 35496K, reserved 1079296K
  class space    used 4568K, capacity 4799K, committed 4864K, reserved 1048576K
Event: 8.934 GC heap after
Heap after GC invocations=10 (full 2):
 PSYoungGen      total 78336K, used 0K [0x00000000e1180000, 0x00000000e6f00000, 0x0000000100000000)
  eden space 61952K, 0% used [0x00000000e1180000,0x00000000e1180000,0x00000000e4e00000)
  from space 16384K, 0% used [0x00000000e5e00000,0x00000000e5e00000,0x00000000e6e00000)
  to   space 16384K, 0% used [0x00000000e4e00000,0x00000000e4e00000,0x00000000e5e00000)
 ParOldGen       total 91136K, used 16574K [0x00000000a3400000, 0x00000000a8d00000, 0x00000000e1180000)
  object space 91136K, 18% used [0x00000000a3400000,0x00000000a442f8e0,0x00000000a8d00000)
 Metaspace       used 34195K, capacity 35412K, committed 35496K, reserved 1079296K
  class space    used 4568K, capacity 4799K, committed 4864K, reserved 1048576K
}

