# JRE version: Java(TM) SE Runtime Environment (8.0_45-b15) (build 1.8.0_45-b15)
# Java VM: Java HotSpot(TM) 64-Bit Server VM (25.45-b02 mixed mode windows-amd64 compressed oops)
Heap:
 PSYoungGen      total 77312K, used 10793K [0x00000000e1180000, 0x00000000e6e80000, 0x0000000100000000)
  eden space 60928K, 17% used [0x00000000e1180000,0x00000000e1c0a5d0,0x00000000e4d00000)
  from space 16384K, 0% used [0x00000000e5d00000,0x00000000e5d00000,0x00000000e6d00000)
  to   space 16384K, 0% used [0x00000000e4d00000,0x00000000e4d00000,0x00000000e5d00000)
 ParOldGen       total 58880K, used 16551K [0x00000000a3400000, 0x00000000a6d80000, 0x00000000e1180000)
  object space 58880K, 28% used [0x00000000a3400000,0x00000000a4429fa0,0x00000000a6d80000)
 Metaspace       used 34287K, capacity 35540K, committed 35840K, reserved 1081344K
  class space    used 4567K, capacity 4799K, committed 4864K, reserved 1048576K
GC Heap History (10 events):
Event: 3.562 GC heap before
{Heap before GC invocations=6 (full 1):
 PSYoungGen      total 35840K, used 35835K [0x00000000e1180000, 0x00000000e4880000, 0x0000000100000000)
  eden space 32256K, 100% used [0x00000000e1180000,0x00000000e3100000,0x00000000e3100000)
  from space 3584K, 99% used [0x00000000e4500000,0x00000000e487ee18,0x00000000e4880000)
  to   space 3584K, 0% used [0x00000000e4180000,0x00000000e4180000,0x00000000e4500000)
 ParOldGen       total 58880K, used 13303K [0x00000000a3400000, 0x00000000a6d80000, 0x00000000e1180000)
  object space 58880K, 22% used [0x00000000a3400000,0x00000000a40fdf30,0x00000000a6d80000)
 Metaspace       used 24639K, capacity 25264K, committed 25600K, reserved 1071104K
  class space    used 3367K, capacity 3531K, committed 3584K, reserved 1048576K
Event: 3.579 GC heap after
Heap after GC invocations=6 (full 1):
 PSYoungGen      total 51200K, used 3582K [0x00000000e1180000, 0x00000000e5a00000, 0x0000000100000000)
  eden space 47616K, 0% used [0x00000000e1180000,0x00000000e1180000,0x00000000e4000000)
  from space 3584K, 99% used [0x00000000e4180000,0x00000000e44ffa08,0x00000000e4500000)
  to   space 13312K, 0% used [0x00000000e4d00000,0x00000000e4d00000,0x00000000e5a00000)
 ParOldGen       total 58880K, used 22764K [0x00000000a3400000, 0x00000000a6d80000, 0x00000000e1180000)
  object space 58880K, 38% used [0x00000000a3400000,0x00000000a4a3b0e0,0x00000000a6d80000)
 Metaspace       used 24639K, capacity 25264K, committed 25600K, reserved 1071104K
  class space    used 3367K, capacity 3531K, committed 3584K, reserved 1048576K
}
Event: 5.716 GC heap before
{Heap before GC invocations=7 (full 1):
 PSYoungGen      total 51200K, used 51198K [0x00000000e1180000, 0x00000000e5a00000, 0x0000000100000000)
  eden space 47616K, 100% used [0x00000000e1180000,0x00000000e4000000,0x00000000e4000000)
  from space 3584K, 99% used [0x00000000e4180000,0x00000000e44ffa08,0x00000000e4500000)
  to   space 13312K, 0% used [0x00000000e4d00000,0x00000000e4d00000,0x00000000e5a00000)
 ParOldGen       total 58880K, used 22764K [0x00000000a3400000, 0x00000000a6d80000, 0x00000000e1180000)
  object space 58880K, 38% used [0x00000000a3400000,0x00000000a4a3b0e0,0x00000000a6d80000)
 Metaspace       used 29612K, capacity 30278K, committed 30464K, reserved 1075200K
  class space    used 3900K, capacity 4084K, committed 4096K, reserved 1048576K
Event: 5.735 GC heap after
Heap after GC invocations=7 (full 1):
 PSYoungGen      total 57344K, used 13290K [0x00000000e1180000, 0x00000000e7500000, 0x0000000100000000)
  eden space 44032K, 0% used [0x00000000e1180000,0x00000000e1180000,0x00000000e3c80000)
  from space 13312K, 99% used [0x00000000e4d00000,0x00000000e59fa8b0,0x00000000e5a00000)
  to   space 16896K, 0% used [0x00000000e3c80000,0x00000000e3c80000,0x00000000e4d00000)
 ParOldGen       total 58880K, used 24911K [0x00000000a3400000, 0x00000000a6d80000, 0x00000000e1180000)
  object space 58880K, 42% used [0x00000000a3400000,0x00000000a4c53c98,0x00000000a6d80000)
 Metaspace       used 29612K, capacity 30278K, committed 30464K, reserved 1075200K
  class space    used 3900K, capacity 4084K, committed 4096K, reserved 1048576K
}
Event: 9.031 GC heap before
{Heap before GC invocations=8 (full 1):
 PSYoungGen      total 57344K, used 57322K [0x00000000e1180000, 0x00000000e7500000, 0x0000000100000000)
  eden space 44032K, 100% used [0x00000000e1180000,0x00000000e3c80000,0x00000000e3c80000)
  from space 13312K, 99% used [0x00000000e4d00000,0x00000000e59fa8b0,0x00000000e5a00000)
  to   space 16896K, 0% used [0x00000000e3c80000,0x00000000e3c80000,0x00000000e4d00000)
 ParOldGen       total 58880K, used 24911K [0x00000000a3400000, 0x00000000a6d80000, 0x00000000e1180000)
  object space 58880K, 42% used [0x00000000a3400000,0x00000000a4c53c98,0x00000000a6d80000)
 Metaspace       used 33453K, capacity 34718K, committed 35072K, reserved 1079296K
  class space    used 4505K, capacity 4752K, committed 4864K, reserved 1048576K
Event: 9.049 GC heap after
Heap after GC invocations=8 (full 1):
 PSYoungGen      total 60928K, used 7520K [0x00000000e1180000, 0x00000000e6d00000, 0x0000000100000000)
  eden space 44032K, 0% used [0x00000000e1180000,0x00000000e1180000,0x00000000e3c80000)
  from space 16896K, 44% used [0x00000000e3c80000,0x00000000e43d8010,0x00000000e4d00000)
  to   space 16384K, 0% used [0x00000000e5d00000,0x00000000e5d00000,0x00000000e6d00000)
 ParOldGen       total 58880K, used 24919K [0x00000000a3400000, 0x00000000a6d80000, 0x00000000e1180000)
  object space 58880K, 42% used [0x00000000a3400000,0x00000000a4c55c98,0x00000000a6d80000)
 Metaspace       used 33453K, capacity 34718K, committed 35072K, reserved 1079296K
  class space    used 4505K, capacity 4752K, committed 4864K, reserved 1048576K
}
Event: 9.754 GC heap before
{Heap before GC invocations=9 (full 1):
 PSYoungGen      total 60928K, used 24219K [0x00000000e1180000, 0x00000000e6d00000, 0x0000000100000000)
  eden space 44032K, 37% used [0x00000000e1180000,0x00000000e21cef00,0x00000000e3c80000)
  from space 16896K, 44% used [0x00000000e3c80000,0x00000000e43d8010,0x00000000e4d00000)
  to   space 16384K, 0% used [0x00000000e5d00000,0x00000000e5d00000,0x00000000e6d00000)
 ParOldGen       total 58880K, used 24919K [0x00000000a3400000, 0x00000000a6d80000, 0x00000000e1180000)
  object space 58880K, 42% used [0x00000000a3400000,0x00000000a4c55c98,0x00000000a6d80000)
 Metaspace       used 34166K, capacity 35412K, committed 35496K, reserved 1079296K
  class space    used 4566K, capacity 4799K, committed 4864K, reserved 1048576K
Event: 9.778 GC heap after
Heap after GC invocations=9 (full 1):
 PSYoungGen      total 77312K, used 10690K [0x00000000e1180000, 0x00000000e6e80000, 0x0000000100000000)
  eden space 60928K, 0% used [0x00000000e1180000,0x00000000e1180000,0x00000000e4d00000)
  from space 16384K, 65% used [0x00000000e5d00000,0x00000000e6770aa0,0x00000000e6d00000)
  to   space 16384K, 0% used [0x00000000e4d00000,0x00000000e4d00000,0x00000000e5d00000)
 ParOldGen       total 58880K, used 24927K [0x00000000a3400000, 0x00000000a6d80000, 0x00000000e1180000)
  object space 58880K, 42% used [0x00000000a3400000,0x00000000a4c57c98,0x00000000a6d80000)
 Metaspace       used 34166K, capacity 35412K, committed 35496K, reserved 1079296K
  class space    used 4566K, capacity 4799K, committed 4864K, reserved 1048576K
}
Event: 9.778 GC heap before
{Heap before GC invocations=10 (full 2):
 PSYoungGen      total 77312K, used 10690K [0x00000000e1180000, 0x00000000e6e80000, 0x0000000100000000)
  eden space 60928K, 0% used [0x00000000e1180000,0x00000000e1180000,0x00000000e4d00000)
  from space 16384K, 65% used [0x00000000e5d00000,0x00000000e6770aa0,0x00000000e6d00000)
  to   space 16384K, 0% used [0x00000000e4d00000,0x00000000e4d00000,0x00000000e5d00000)
 ParOldGen       total 58880K, used 24927K [0x00000000a3400000, 0x00000000a6d80000, 0x00000000e1180000)
  object space 58880K, 42% used [0x00000000a3400000,0x00000000a4c57c98,0x00000000a6d80000)
 Metaspace       used 34166K, capacity 35412K, committed 35496K, reserved 1079296K
  class space    used 4566K, capacity 4799K, committed 4864K, reserved 1048576K
Event: 9.938 GC heap after
Heap after GC invocations=10 (full 2):
 PSYoungGen      total 77312K, used 0K [0x00000000e1180000, 0x00000000e6e80000, 0x0000000100000000)
  eden space 60928K, 0% used [0x00000000e1180000,0x00000000e1180000,0x00000000e4d00000)
  from space 16384K, 0% used [0x00000000e5d00000,0x00000000e5d00000,0x00000000e6d00000)
  to   space 16384K, 0% used [0x00000000e4d00000,0x00000000e4d00000,0x00000000e5d00000)
 ParOldGen       total 58880K, used 16551K [0x00000000a3400000, 0x00000000a6d80000, 0x00000000e1180000)
  object space 58880K, 28% used [0x00000000a3400000,0x00000000a4429fa0,0x00000000a6d80000)
 Metaspace       used 34166K, capacity 35412K, committed 35496K, reserved 1079296K
  class space    used 4566K, capacity 4799K, committed 4864K, reserved 1048576K
}

