# JRE version: Java(TM) SE Runtime Environment (8.0_45-b15) (build 1.8.0_45-b15)
# Java VM: Java HotSpot(TM) 64-Bit Server VM (25.45-b02 mixed mode windows-amd64 compressed oops)
Heap:
 PSYoungGen      total 52736K, used 52652K [0x00000000e1180000, 0x00000000e5780000, 0x0000000100000000)
  eden space 41472K, 100% used [0x00000000e1180000,0x00000000e3a00000,0x00000000e3a00000)
  from space 11264K, 99% used [0x00000000e4700000,0x00000000e51eb2b0,0x00000000e5200000)
  to   space 13312K, 45% used [0x00000000e3a00000,0x00000000e3feb9a8,0x00000000e4700000)
 ParOldGen       total 54784K, used 19442K [0x00000000a3400000, 0x00000000a6980000, 0x00000000e1180000)
  object space 54784K, 35% used [0x00000000a3400000,0x00000000a46fc9d8,0x00000000a6980000)
 Metaspace       used 30268K, capacity 30970K, committed 31104K, reserved 1077248K
  class space    used 3974K, capacity 4168K, committed 4224K, reserved 1048576K
GC Heap History (10 events):
Event: 5.146 GC heap before
{Heap before GC invocations=3 (full 0):
 PSYoungGen      total 28160K, used 22480K [0x00000000e1180000, 0x00000000e3080000, 0x0000000100000000)
  eden space 24576K, 77% used [0x00000000e1180000,0x00000000e23fbc70,0x00000000e2980000)
  from space 3584K, 99% used [0x00000000e2d00000,0x00000000e3078728,0x00000000e3080000)
  to   space 3584K, 0% used [0x00000000e2980000,0x00000000e2980000,0x00000000e2d00000)
 ParOldGen       total 64512K, used 2404K [0x00000000a3400000, 0x00000000a7300000, 0x00000000e1180000)
  object space 64512K, 3% used [0x00000000a3400000,0x00000000a3659100,0x00000000a7300000)
 Metaspace       used 20543K, capacity 21170K, committed 21296K, reserved 1067008K
  class space    used 2717K, capacity 2890K, committed 2944K, reserved 1048576K
Event: 5.155 GC heap after
Heap after GC invocations=3 (full 0):
 PSYoungGen      total 28160K, used 3553K [0x00000000e1180000, 0x00000000e3080000, 0x0000000100000000)
  eden space 24576K, 0% used [0x00000000e1180000,0x00000000e1180000,0x00000000e2980000)
  from space 3584K, 99% used [0x00000000e2980000,0x00000000e2cf8670,0x00000000e2d00000)
  to   space 3584K, 0% used [0x00000000e2d00000,0x00000000e2d00000,0x00000000e3080000)
 ParOldGen       total 64512K, used 7126K [0x00000000a3400000, 0x00000000a7300000, 0x00000000e1180000)
  object space 64512K, 11% used [0x00000000a3400000,0x00000000a3af5bf8,0x00000000a7300000)
 Metaspace       used 20543K, capacity 21170K, committed 21296K, reserved 1067008K
  class space    used 2717K, capacity 2890K, committed 2944K, reserved 1048576K
}
Event: 5.156 GC heap before
{Heap before GC invocations=4 (full 1):
 PSYoungGen      total 28160K, used 3553K [0x00000000e1180000, 0x00000000e3080000, 0x0000000100000000)
  eden space 24576K, 0% used [0x00000000e1180000,0x00000000e1180000,0x00000000e2980000)
  from space 3584K, 99% used [0x00000000e2980000,0x00000000e2cf8670,0x00000000e2d00000)
  to   space 3584K, 0% used [0x00000000e2d00000,0x00000000e2d00000,0x00000000e3080000)
 ParOldGen       total 64512K, used 7126K [0x00000000a3400000, 0x00000000a7300000, 0x00000000e1180000)
  object space 64512K, 11% used [0x00000000a3400000,0x00000000a3af5bf8,0x00000000a7300000)
 Metaspace       used 20543K, capacity 21170K, committed 21296K, reserved 1067008K
  class space    used 2717K, capacity 2890K, committed 2944K, reserved 1048576K
Event: 5.202 GC heap after
Heap after GC invocations=4 (full 1):
 PSYoungGen      total 28160K, used 0K [0x00000000e1180000, 0x00000000e3080000, 0x0000000100000000)
  eden space 24576K, 0% used [0x00000000e1180000,0x00000000e1180000,0x00000000e2980000)
  from space 3584K, 0% used [0x00000000e2980000,0x00000000e2980000,0x00000000e2d00000)
  to   space 3584K, 0% used [0x00000000e2d00000,0x00000000e2d00000,0x00000000e3080000)
 ParOldGen       total 54784K, used 10226K [0x00000000a3400000, 0x00000000a6980000, 0x00000000e1180000)
  object space 54784K, 18% used [0x00000000a3400000,0x00000000a3dfc9c0,0x00000000a6980000)
 Metaspace       used 20543K, capacity 21170K, committed 21296K, reserved 1067008K
  class space    used 2717K, capacity 2890K, committed 2944K, reserved 1048576K
}
Event: 9.864 GC heap before
{Heap before GC invocations=5 (full 1):
 PSYoungGen      total 28160K, used 24576K [0x00000000e1180000, 0x00000000e3080000, 0x0000000100000000)
  eden space 24576K, 100% used [0x00000000e1180000,0x00000000e2980000,0x00000000e2980000)
  from space 3584K, 0% used [0x00000000e2980000,0x00000000e2980000,0x00000000e2d00000)
  to   space 3584K, 0% used [0x00000000e2d00000,0x00000000e2d00000,0x00000000e3080000)
 ParOldGen       total 54784K, used 10226K [0x00000000a3400000, 0x00000000a6980000, 0x00000000e1180000)
  object space 54784K, 18% used [0x00000000a3400000,0x00000000a3dfc9c0,0x00000000a6980000)
 Metaspace       used 24614K, capacity 25272K, committed 25600K, reserved 1071104K
  class space    used 3355K, capacity 3531K, committed 3584K, reserved 1048576K
Event: 9.873 GC heap after
Heap after GC invocations=5 (full 1):
 PSYoungGen      total 28160K, used 3555K [0x00000000e1180000, 0x00000000e3a80000, 0x0000000100000000)
  eden space 24576K, 0% used [0x00000000e1180000,0x00000000e1180000,0x00000000e2980000)
  from space 3584K, 99% used [0x00000000e2d00000,0x00000000e3078d48,0x00000000e3080000)
  to   space 3584K, 0% used [0x00000000e2980000,0x00000000e2980000,0x00000000e2d00000)
 ParOldGen       total 54784K, used 13162K [0x00000000a3400000, 0x00000000a6980000, 0x00000000e1180000)
  object space 54784K, 24% used [0x00000000a3400000,0x00000000a40da950,0x00000000a6980000)
 Metaspace       used 24614K, capacity 25272K, committed 25600K, reserved 1071104K
  class space    used 3355K, capacity 3531K, committed 3584K, reserved 1048576K
}
Event: 10.000 GC heap before
{Heap before GC invocations=6 (full 1):
 PSYoungGen      total 28160K, used 28131K [0x00000000e1180000, 0x00000000e3a80000, 0x0000000100000000)
  eden space 24576K, 100% used [0x00000000e1180000,0x00000000e2980000,0x00000000e2980000)
  from space 3584K, 99% used [0x00000000e2d00000,0x00000000e3078d48,0x00000000e3080000)
  to   space 3584K, 0% used [0x00000000e2980000,0x00000000e2980000,0x00000000e2d00000)
 ParOldGen       total 54784K, used 13162K [0x00000000a3400000, 0x00000000a6980000, 0x00000000e1180000)
  object space 54784K, 24% used [0x00000000a3400000,0x00000000a40da950,0x00000000a6980000)
 Metaspace       used 24614K, capacity 25272K, committed 25600K, reserved 1071104K
  class space    used 3355K, capacity 3531K, committed 3584K, reserved 1048576K
Event: 10.014 GC heap after
Heap after GC invocations=6 (full 1):
 PSYoungGen      total 28160K, used 3580K [0x00000000e1180000, 0x00000000e5200000, 0x0000000100000000)
  eden space 24576K, 0% used [0x00000000e1180000,0x00000000e1180000,0x00000000e2980000)
  from space 3584K, 99% used [0x00000000e2980000,0x00000000e2cff0b0,0x00000000e2d00000)
  to   space 11264K, 0% used [0x00000000e4700000,0x00000000e4700000,0x00000000e5200000)
 ParOldGen       total 54784K, used 19434K [0x00000000a3400000, 0x00000000a6980000, 0x00000000e1180000)
  object space 54784K, 35% used [0x00000000a3400000,0x00000000a46fa9d8,0x00000000a6980000)
 Metaspace       used 24614K, capacity 25272K, committed 25600K, reserved 1071104K
  class space    used 3355K, capacity 3531K, committed 3584K, reserved 1048576K
}
Event: 10.167 GC heap before
{Heap before GC invocations=7 (full 1):
 PSYoungGen      total 28160K, used 28156K [0x00000000e1180000, 0x00000000e5200000, 0x0000000100000000)
  eden space 24576K, 100% used [0x00000000e1180000,0x00000000e2980000,0x00000000e2980000)
  from space 3584K, 99% used [0x00000000e2980000,0x00000000e2cff0b0,0x00000000e2d00000)
  to   space 11264K, 0% used [0x00000000e4700000,0x00000000e4700000,0x00000000e5200000)
 ParOldGen       total 54784K, used 19434K [0x00000000a3400000, 0x00000000a6980000, 0x00000000e1180000)
  object space 54784K, 35% used [0x00000000a3400000,0x00000000a46fa9d8,0x00000000a6980000)
 Metaspace       used 24615K, capacity 25272K, committed 25600K, reserved 1071104K
  class space    used 3355K, capacity 3531K, committed 3584K, reserved 1048576K
Event: 10.182 GC heap after
Heap after GC invocations=7 (full 1):
 PSYoungGen      total 52736K, used 11180K [0x00000000e1180000, 0x00000000e5780000, 0x0000000100000000)
  eden space 41472K, 0% used [0x00000000e1180000,0x00000000e1180000,0x00000000e3a00000)
  from space 11264K, 99% used [0x00000000e4700000,0x00000000e51eb2b0,0x00000000e5200000)
  to   space 13312K, 0% used [0x00000000e3a00000,0x00000000e3a00000,0x00000000e4700000)
 ParOldGen       total 54784K, used 19434K [0x00000000a3400000, 0x00000000a6980000, 0x00000000e1180000)
  object space 54784K, 35% used [0x00000000a3400000,0x00000000a46fa9d8,0x00000000a6980000)
 Metaspace       used 24615K, capacity 25272K, committed 25600K, reserved 1071104K
  class space    used 3355K, capacity 3531K, committed 3584K, reserved 1048576K
}

