# JRE version: Java(TM) SE Runtime Environment (8.0_45-b15) (build 1.8.0_45-b15)
# Java VM: Java HotSpot(TM) 64-Bit Server VM (25.45-b02 mixed mode windows-amd64 compressed oops)
Heap:
 PSYoungGen      total 71168K, used 54784K [0x00000000e1180000, 0x00000000e6700000, 0x0000000100000000)
  eden space 54784K, 100% used [0x00000000e1180000,0x00000000e4700000,0x00000000e4700000)
  from space 16384K, 0% used [0x00000000e5700000,0x00000000e5700000,0x00000000e6700000)
  to   space 16384K, 100% used [0x00000000e4700000,0x00000000e5700000,0x00000000e5700000)
 ParOldGen       total 93184K, used 18689K [0x00000000a3400000, 0x00000000a8f00000, 0x00000000e1180000)
  object space 93184K, 20% used [0x00000000a3400000,0x00000000a46407c8,0x00000000a8f00000)
 Metaspace       used 34570K, capacity 35900K, committed 36096K, reserved 1081344K
  class space    used 4578K, capacity 4817K, committed 4864K, reserved 1048576K
GC Heap History (10 events):
Event: 4.446 GC heap before
{Heap before GC invocations=6 (full 1):
 PSYoungGen      total 35328K, used 35301K [0x00000000e1180000, 0x00000000e4880000, 0x0000000100000000)
  eden space 31744K, 100% used [0x00000000e1180000,0x00000000e3080000,0x00000000e3080000)
  from space 3584K, 99% used [0x00000000e4500000,0x00000000e4879488,0x00000000e4880000)
  to   space 3584K, 0% used [0x00000000e4180000,0x00000000e4180000,0x00000000e4500000)
 ParOldGen       total 58368K, used 13263K [0x00000000a3400000, 0x00000000a6d00000, 0x00000000e1180000)
  object space 58368K, 22% used [0x00000000a3400000,0x00000000a40f3c88,0x00000000a6d00000)
 Metaspace       used 24664K, capacity 25260K, committed 25600K, reserved 1071104K
  class space    used 3374K, capacity 3531K, committed 3584K, reserved 1048576K
Event: 4.458 GC heap after
Heap after GC invocations=6 (full 1):
 PSYoungGen      total 48128K, used 3568K [0x00000000e1180000, 0x00000000e5700000, 0x0000000100000000)
  eden space 44544K, 0% used [0x00000000e1180000,0x00000000e1180000,0x00000000e3d00000)
  from space 3584K, 99% used [0x00000000e4180000,0x00000000e44fc3f0,0x00000000e4500000)
  to   space 13312K, 0% used [0x00000000e4a00000,0x00000000e4a00000,0x00000000e5700000)
 ParOldGen       total 58368K, used 22414K [0x00000000a3400000, 0x00000000a6d00000, 0x00000000e1180000)
  object space 58368K, 38% used [0x00000000a3400000,0x00000000a49e3bd8,0x00000000a6d00000)
 Metaspace       used 24664K, capacity 25260K, committed 25600K, reserved 1071104K
  class space    used 3374K, capacity 3531K, committed 3584K, reserved 1048576K
}
Event: 6.161 GC heap before
{Heap before GC invocations=7 (full 1):
 PSYoungGen      total 48128K, used 48112K [0x00000000e1180000, 0x00000000e5700000, 0x0000000100000000)
  eden space 44544K, 100% used [0x00000000e1180000,0x00000000e3d00000,0x00000000e3d00000)
  from space 3584K, 99% used [0x00000000e4180000,0x00000000e44fc3f0,0x00000000e4500000)
  to   space 13312K, 0% used [0x00000000e4a00000,0x00000000e4a00000,0x00000000e5700000)
 ParOldGen       total 58368K, used 22414K [0x00000000a3400000, 0x00000000a6d00000, 0x00000000e1180000)
  object space 58368K, 38% used [0x00000000a3400000,0x00000000a49e3bd8,0x00000000a6d00000)
 Metaspace       used 29429K, capacity 30082K, committed 30208K, reserved 1075200K
  class space    used 3908K, capacity 4084K, committed 4096K, reserved 1048576K
Event: 6.190 GC heap after
Heap after GC invocations=7 (full 1):
 PSYoungGen      total 54272K, used 13311K [0x00000000e1180000, 0x00000000e6e80000, 0x0000000100000000)
  eden space 40960K, 0% used [0x00000000e1180000,0x00000000e1180000,0x00000000e3980000)
  from space 13312K, 99% used [0x00000000e4a00000,0x00000000e56ffc28,0x00000000e5700000)
  to   space 16896K, 0% used [0x00000000e3980000,0x00000000e3980000,0x00000000e4a00000)
 ParOldGen       total 58368K, used 24368K [0x00000000a3400000, 0x00000000a6d00000, 0x00000000e1180000)
  object space 58368K, 41% used [0x00000000a3400000,0x00000000a4bcc3b8,0x00000000a6d00000)
 Metaspace       used 29429K, capacity 30082K, committed 30208K, reserved 1075200K
  class space    used 3908K, capacity 4084K, committed 4096K, reserved 1048576K
}
Event: 9.099 GC heap before
{Heap before GC invocations=8 (full 1):
 PSYoungGen      total 54272K, used 54271K [0x00000000e1180000, 0x00000000e6e80000, 0x0000000100000000)
  eden space 40960K, 100% used [0x00000000e1180000,0x00000000e3980000,0x00000000e3980000)
  from space 13312K, 99% used [0x00000000e4a00000,0x00000000e56ffc28,0x00000000e5700000)
  to   space 16896K, 0% used [0x00000000e3980000,0x00000000e3980000,0x00000000e4a00000)
 ParOldGen       total 58368K, used 24368K [0x00000000a3400000, 0x00000000a6d00000, 0x00000000e1180000)
  object space 58368K, 41% used [0x00000000a3400000,0x00000000a4bcc3b8,0x00000000a6d00000)
 Metaspace       used 32138K, capacity 33030K, committed 33152K, reserved 1077248K
  class space    used 4272K, capacity 4468K, committed 4480K, reserved 1048576K
Event: 9.115 GC heap after
Heap after GC invocations=8 (full 1):
 PSYoungGen      total 57856K, used 6240K [0x00000000e1180000, 0x00000000e6700000, 0x0000000100000000)
  eden space 40960K, 0% used [0x00000000e1180000,0x00000000e1180000,0x00000000e3980000)
  from space 16896K, 36% used [0x00000000e3980000,0x00000000e3f98010,0x00000000e4a00000)
  to   space 16384K, 0% used [0x00000000e5700000,0x00000000e5700000,0x00000000e6700000)
 ParOldGen       total 58368K, used 24376K [0x00000000a3400000, 0x00000000a6d00000, 0x00000000e1180000)
  object space 58368K, 41% used [0x00000000a3400000,0x00000000a4bce3b8,0x00000000a6d00000)
 Metaspace       used 32138K, capacity 33030K, committed 33152K, reserved 1077248K
  class space    used 4272K, capacity 4468K, committed 4480K, reserved 1048576K
}
Event: 10.254 GC heap before
{Heap before GC invocations=9 (full 1):
 PSYoungGen      total 57856K, used 30744K [0x00000000e1180000, 0x00000000e6700000, 0x0000000100000000)
  eden space 40960K, 59% used [0x00000000e1180000,0x00000000e296e1f0,0x00000000e3980000)
  from space 16896K, 36% used [0x00000000e3980000,0x00000000e3f98010,0x00000000e4a00000)
  to   space 16384K, 0% used [0x00000000e5700000,0x00000000e5700000,0x00000000e6700000)
 ParOldGen       total 58368K, used 24376K [0x00000000a3400000, 0x00000000a6d00000, 0x00000000e1180000)
  object space 58368K, 41% used [0x00000000a3400000,0x00000000a4bce3b8,0x00000000a6d00000)
 Metaspace       used 34174K, capacity 35408K, committed 35496K, reserved 1079296K
  class space    used 4566K, capacity 4799K, committed 4864K, reserved 1048576K
Event: 10.278 GC heap after
Heap after GC invocations=9 (full 1):
 PSYoungGen      total 71168K, used 10722K [0x00000000e1180000, 0x00000000e6700000, 0x0000000100000000)
  eden space 54784K, 0% used [0x00000000e1180000,0x00000000e1180000,0x00000000e4700000)
  from space 16384K, 65% used [0x00000000e5700000,0x00000000e6178ab0,0x00000000e6700000)
  to   space 16384K, 0% used [0x00000000e4700000,0x00000000e4700000,0x00000000e5700000)
 ParOldGen       total 58368K, used 24384K [0x00000000a3400000, 0x00000000a6d00000, 0x00000000e1180000)
  object space 58368K, 41% used [0x00000000a3400000,0x00000000a4bd03b8,0x00000000a6d00000)
 Metaspace       used 34174K, capacity 35408K, committed 35496K, reserved 1079296K
  class space    used 4566K, capacity 4799K, committed 4864K, reserved 1048576K
}
Event: 10.278 GC heap before
{Heap before GC invocations=10 (full 2):
 PSYoungGen      total 71168K, used 10722K [0x00000000e1180000, 0x00000000e6700000, 0x0000000100000000)
  eden space 54784K, 0% used [0x00000000e1180000,0x00000000e1180000,0x00000000e4700000)
  from space 16384K, 65% used [0x00000000e5700000,0x00000000e6178ab0,0x00000000e6700000)
  to   space 16384K, 0% used [0x00000000e4700000,0x00000000e4700000,0x00000000e5700000)
 ParOldGen       total 58368K, used 24384K [0x00000000a3400000, 0x00000000a6d00000, 0x00000000e1180000)
  object space 58368K, 41% used [0x00000000a3400000,0x00000000a4bd03b8,0x00000000a6d00000)
 Metaspace       used 34174K, capacity 35408K, committed 35496K, reserved 1079296K
  class space    used 4566K, capacity 4799K, committed 4864K, reserved 1048576K
Event: 10.422 GC heap after
Heap after GC invocations=10 (full 2):
 PSYoungGen      total 71168K, used 0K [0x00000000e1180000, 0x00000000e6700000, 0x0000000100000000)
  eden space 54784K, 0% used [0x00000000e1180000,0x00000000e1180000,0x00000000e4700000)
  from space 16384K, 0% used [0x00000000e5700000,0x00000000e5700000,0x00000000e6700000)
  to   space 16384K, 0% used [0x00000000e4700000,0x00000000e4700000,0x00000000e5700000)
 ParOldGen       total 93184K, used 16471K [0x00000000a3400000, 0x00000000a8f00000, 0x00000000e1180000)
  object space 93184K, 17% used [0x00000000a3400000,0x00000000a4415c58,0x00000000a8f00000)
 Metaspace       used 34174K, capacity 35408K, committed 35496K, reserved 1079296K
  class space    used 4566K, capacity 4799K, committed 4864K, reserved 1048576K
}

